[2020-05-06T02:25:36.381079+02:00] main.ERROR: Database erorr[Connection]: Badly formatted SQL query: Expected array, got scalar instead! [] []
[2020-05-06T02:28:12.824155+02:00] main.ERROR: Database erorr[Connection]: Badly formatted SQL query: Expected array, got scalar instead! [] []
[2020-05-06T02:33:28.442954+02:00] main.ERROR: Database erorr[Connection]: Badly formatted SQL query: Expected array, got scalar instead! [] []
[2020-05-06T02:34:43.159720+02:00] main.ERROR: Database erorr[Connection]: Unknown column 'password' in 'field list' [] []
[2020-05-06T02:34:43.163299+02:00] main.ERROR: Database error[Query]: INSERT INTO `users` (`email`,`password`) VALUES ('johndoe@example.com', 'q1w2E#') [] []
[2020-05-06T02:37:28.528290+02:00] main.ERROR: Database erorr[Connection]: Unknown column 'password' in 'field list' [] []
[2020-05-06T02:37:28.537002+02:00] main.ERROR: Database error[Query]: INSERT INTO `users` (`email`,`password`) VALUES ('johndoe@example.com', 'q1w2E#') [] []
[2020-05-06T02:41:55.000550+02:00] main.ERROR: Database erorr[Connection]: Unknown column 'password' in 'field list' [] []
[2020-05-06T02:41:55.003227+02:00] main.ERROR: Database error[Query]: INSERT INTO `users` (`firstname`,`lastname`,`drivinglicense`,`address`,`phone`,`role`,`email`,`password`) VALUES ('john', 'doe', '123456789', '123, rue johnabbott', '123-456-789', 'user', 'johndoe@example.com', 'q1w2E#') [] []
[2020-05-06T04:21:47.015609+02:00] main.ERROR: Database erorr[Connection]: Unknown column 'confirm' in 'field list' [] []
[2020-05-06T04:21:47.021369+02:00] main.ERROR: Database error[Query]: INSERT INTO `users` (`email`,`password`,`confirm`) VALUES ('', '', '') [] []
[2020-05-06T04:22:24.209084+02:00] main.ERROR: Database erorr[Connection]: Unknown column 'confirm' in 'field list' [] []
[2020-05-06T04:22:24.216850+02:00] main.ERROR: Database error[Query]: INSERT INTO `users` (`email`,`password`,`confirm`) VALUES ('', '', '') [] []
[2020-05-07T19:09:37.986429+02:00] main.ERROR: Database erorr[Connection]: Unknown column 'confirm' in 'field list' [] []
[2020-05-07T19:09:37.992362+02:00] main.ERROR: Database error[Query]: INSERT INTO `users` (`email`,`password`,`confirm`,`firstname`,`lastname`,`drivinglicense`,`address`,`phone`,`idPhoto`) VALUES ('asdf', 'asdf', 'asdf', 'asdf', 'asdf', 'asdf', 'asdf', 'sdf', '') [] []
[2020-05-08T23:54:12.910710+02:00] main.ERROR: Database erorr[Connection]: Unable to connect to MySQL server! Error: Access denied for user 'carrental'@'localhost' (using password: YES) [] []
[2020-05-08T23:54:25.934993+02:00] main.ERROR: Database erorr[Connection]: Unable to connect to MySQL server! Error: Access denied for user 'carrental'@'localhost' (using password: YES) [] []
[2020-05-09T03:29:05.847496+02:00] main.ERROR: Database erorr[Connection]: Unable to connect to MySQL server! Error: Access denied for user 'carrental'@'localhost' (using password: YES) [] []
[2020-05-09T03:30:33.185788+02:00] main.ERROR: Database erorr[Connection]: You have an error in your SQL syntax; check the manual that corresponds to your MariaDB server version for the right syntax to use near 'AA'\%' at line 1 [] []
[2020-05-09T03:30:33.193822+02:00] main.ERROR: Database error[Query]: SELECT * FROM cities WHERE postalCode like '\%'AA'\% [] []
[2020-05-09T03:30:33.331760+02:00] main.ERROR: Database erorr[Connection]: You have an error in your SQL syntax; check the manual that corresponds to your MariaDB server version for the right syntax to use near 'A'\%' at line 1 [] []
[2020-05-09T03:30:33.343398+02:00] main.ERROR: Database error[Query]: SELECT * FROM cities WHERE postalCode like '\%'A'\% [] []
[2020-05-09T03:30:50.894827+02:00] main.ERROR: Database erorr[Connection]: You have an error in your SQL syntax; check the manual that corresponds to your MariaDB server version for the right syntax to use near 'AA'\%' at line 1 [] []
[2020-05-09T03:30:50.898723+02:00] main.ERROR: Database error[Query]: SELECT * FROM cities WHERE postalCode like '\%'AA'\% [] []
[2020-05-09T03:31:01.968545+02:00] main.ERROR: Database erorr[Connection]: You have an error in your SQL syntax; check the manual that corresponds to your MariaDB server version for the right syntax to use near 'AA'\%' at line 1 [] []
[2020-05-09T03:31:01.976596+02:00] main.ERROR: Database error[Query]: SELECT * FROM cities WHERE postalCode like '\%'AA'\% [] []
[2020-05-09T03:31:19.409212+02:00] main.ERROR: Database erorr[Connection]: You have an error in your SQL syntax; check the manual that corresponds to your MariaDB server version for the right syntax to use near 'A'\%' at line 1 [] []
[2020-05-09T03:31:19.417933+02:00] main.ERROR: Database error[Query]: SELECT * FROM cities WHERE postalCode like '\%'A'\% [] []
[2020-05-09T03:31:19.716130+02:00] main.ERROR: Database erorr[Connection]: You have an error in your SQL syntax; check the manual that corresponds to your MariaDB server version for the right syntax to use near 'A'\%' at line 1 [] []
[2020-05-09T03:31:19.719599+02:00] main.ERROR: Database error[Query]: SELECT * FROM cities WHERE postalCode like '\%'A'\% [] []
[2020-05-09T03:32:02.601850+02:00] main.ERROR: Database erorr[Connection]: You have an error in your SQL syntax; check the manual that corresponds to your MariaDB server version for the right syntax to use near 'AA'\%' at line 1 [] []
[2020-05-09T03:32:02.606861+02:00] main.ERROR: Database error[Query]: SELECT * FROM cities WHERE postalCode like '\%'AA'\% [] []
[2020-05-09T03:33:59.039320+02:00] main.ERROR: Database erorr[Connection]: Unknown column 'T' in 'where clause' [] []
[2020-05-09T03:33:59.051606+02:00] main.ERROR: Database error[Query]: SELECT * FROM cities WHERE postalCode like T [] []
[2020-05-09T03:34:35.877088+02:00] main.ERROR: Database erorr[Connection]: Unknown column 'T' in 'where clause' [] []
[2020-05-09T03:34:35.888094+02:00] main.ERROR: Database error[Query]: SELECT * FROM cities WHERE postalCode like T [] []
[2020-05-09T03:38:43.734854+02:00] main.ERROR: Database erorr[Connection]: Unknown column 'AA' in 'where clause' [] []
[2020-05-09T03:38:43.745090+02:00] main.ERROR: Database error[Query]: SELECT * FROM cities WHERE postalCode like ''%AA%'A%' [] []
[2020-05-09T03:40:55.814363+02:00] main.ERROR: Database erorr[Connection]: You have an error in your SQL syntax; check the manual that corresponds to your MariaDB server version for the right syntax to use near 'AA%' at line 1 [] []
[2020-05-09T03:40:55.821680+02:00] main.ERROR: Database error[Query]: SELECT * FROM cities WHERE postalCode like '%s'AA% [] []
[2020-05-09T03:40:58.899277+02:00] main.ERROR: Database erorr[Connection]: You have an error in your SQL syntax; check the manual that corresponds to your MariaDB server version for the right syntax to use near 'AA%' at line 1 [] []
[2020-05-09T03:40:58.906900+02:00] main.ERROR: Database error[Query]: SELECT * FROM cities WHERE postalCode like '%s'AA% [] []
[2020-05-09T03:41:13.141260+02:00] main.ERROR: Database erorr[Connection]: Unknown column 'AA' in 'where clause' [] []
[2020-05-09T03:41:13.148554+02:00] main.ERROR: Database error[Query]: SELECT * FROM cities WHERE postalCode like ''%AA%'' [] []
[2020-05-09T03:42:01.717244+02:00] main.ERROR: Database erorr[Connection]: Unknown column 'A' in 'where clause' [] []
[2020-05-09T03:42:01.726103+02:00] main.ERROR: Database error[Query]: SELECT * FROM cities WHERE postalCode like ''%A%'' [] []
[2020-05-09T05:17:12.817407+02:00] main.ERROR: Database erorr[Connection]: Unknown column 'confirm' in 'field list' [] []
[2020-05-09T05:17:12.819715+02:00] main.ERROR: Database error[Query]: INSERT INTO `users` (`firstname`,`lastname`,`drivinglicense`,`address`,`phone`,`role`,`email`,`password`,`confirm`) VALUES ('john', 'doe', 'D1234-12345-12345', '123, rue johnabbott', '(123)21231234', 'user', 'johndoe@example.com', 'q1w2E3', 'q1w2E3') [] []
[2020-05-09T05:18:06.520893+02:00] main.ERROR: Database erorr[Connection]: Unknown column 'confirm' in 'field list' [] []
[2020-05-09T05:18:06.522816+02:00] main.ERROR: Database error[Query]: INSERT INTO `users` (`firstname`,`lastname`,`drivinglicense`,`address`,`phone`,`role`,`email`,`password`,`confirm`) VALUES ('John', 'Doe', 'D1234-12345-12345', '12-1, rue Montreal', '(555)555-5555', 'user', 'johnDoe@example.com', 'q1w2E3', 'q1w2E3') [] []
[2020-05-09T05:18:32.676401+02:00] main.ERROR: Database erorr[Connection]: Unknown column 'confirm' in 'field list' [] []
[2020-05-09T05:18:32.678244+02:00] main.ERROR: Database error[Query]: INSERT INTO `users` (`firstname`,`lastname`,`drivinglicense`,`address`,`phone`,`role`,`email`,`password`,`confirm`) VALUES ('John', 'Doe', 'D1234-12345-12345', '12-1, rue Montreal', '(555)555-5555', 'user', 'johnDoe@example.com', 'q1w2E3', 'q1w2E3') [] []
[2020-05-09T05:18:38.713213+02:00] main.ERROR: Database erorr[Connection]: Unknown column 'confirm' in 'field list' [] []
[2020-05-09T05:18:38.715494+02:00] main.ERROR: Database error[Query]: INSERT INTO `users` (`firstname`,`lastname`,`drivinglicense`,`address`,`phone`,`role`,`email`,`password`,`confirm`) VALUES ('John', 'Doe', 'D1234-12345-12345', '12-1, rue Montreal', '(555)555-5555', 'user', 'johnDoe@example.com', 'q1w2E3', 'q1w2E3') [] []
[2020-05-09T05:20:12.663975+02:00] main.ERROR: Database erorr[Connection]: Unknown column 'confirm' in 'field list' [] []
[2020-05-09T05:20:12.667369+02:00] main.ERROR: Database error[Query]: INSERT INTO `users` (`firstname`,`lastname`,`drivinglicense`,`address`,`phone`,`role`,`email`,`password`,`confirm`) VALUES ('John', 'Doe', 'D1234-12345-12345', '12-1, rue Montreal', '(555)555-5555', 'user', 'johnDoe@example.com', 'q1w2E3', 'q1w2E3') [] []
[2020-05-10T03:46:26.945051+02:00] main.ERROR: Database erorr[Connection]: Duplicate entry 'mn2jgot3qq0uo319h9qfqs37v5' for key 'PRIMARY' [] []
[2020-05-10T03:46:26.949616+02:00] main.ERROR: Database error[Query]: INSERT INTO `userSessions` (`userId`,`sessionId`) VALUES ('1', 'mn2jgot3qq0uo319h9qfqs37v5') [] []
[2020-05-10T04:02:28.353373+02:00] main.ERROR: Database erorr[Connection]: Unknown column '$s' in 'where clause' [] []
[2020-05-10T04:02:28.355824+02:00] main.ERROR: Database error[Query]: DELETE FROM `userSessions` WHERE sessionId=$s [] []
[2020-05-10T04:02:50.237842+02:00] main.ERROR: Database erorr[Connection]: Unknown column '$s' in 'where clause' [] []
[2020-05-10T04:02:50.240851+02:00] main.ERROR: Database error[Query]: DELETE FROM `userSessions` WHERE sessionId=$s [] []
[2020-05-10T04:15:37.262951+02:00] main.ERROR: Database erorr[Connection]: Duplicate entry 'mn2jgot3qq0uo319h9qfqs37v5' for key 'PRIMARY' [] []
[2020-05-10T04:15:37.265352+02:00] main.ERROR: Database error[Query]: INSERT INTO `userSessions` (`userId`,`sessionId`) VALUES ('1', 'mn2jgot3qq0uo319h9qfqs37v5') [] []
[2020-05-09T23:55:49.020655-04:00] main.ERROR: Database erorr[Connection]: Duplicate entry 'mn2jgot3qq0uo319h9qfqs37v5' for key 'PRIMARY' [] []
[2020-05-09T23:55:49.023868-04:00] main.ERROR: Database error[Query]: INSERT INTO `userSessions` (`userId`,`sessionId`,`updated_at`) VALUES ('1', 'mn2jgot3qq0uo319h9qfqs37v5', '2020-05-09 23:55:49') [] []
[2020-05-09T23:56:39.027893-04:00] main.ERROR: Database erorr[Connection]: Duplicate entry 'mn2jgot3qq0uo319h9qfqs37v5' for key 'PRIMARY' [] []
[2020-05-09T23:56:39.030680-04:00] main.ERROR: Database error[Query]: INSERT INTO `userSessions` (`userId`,`sessionId`,`updated_at`) VALUES ('1', 'mn2jgot3qq0uo319h9qfqs37v5', '2020-05-09 23:56:39') [] []
[2020-05-10T00:10:40.902152-04:00] main.ERROR: Database erorr[Connection]: You have an error in your SQL syntax; check the manual that corresponds to your MariaDB server version for the right syntax to use near '' at line 1 [] []
[2020-05-10T00:10:40.904591-04:00] main.ERROR: Database error[Query]: UPDATE `userSessions` SET `sessionId`='mn2jgot3qq0uo319h9qfqs37v5', `updated_at`='2020-05-10 00:10:40' WHERE [] []
[2020-05-10T00:11:02.933943-04:00] main.ERROR: Database erorr[Connection]: Cannot add or update a child row: a foreign key constraint fails (`carrental`.`usersessions`, CONSTRAINT `fk_users_userSessions` FOREIGN KEY (`userId`) REFERENCES `users` (`id`) ON DELETE CASCADE ON UPDATE CASCADE) [] []
[2020-05-10T00:11:02.935838-04:00] main.ERROR: Database error[Query]: REPLACE INTO `userSessions` (`sessionId`,`updated_at`) VALUES ('mn2jgot3qq0uo319h9qfqs37v5', '2020-05-10 00:11:02') [] []
[2020-05-10T00:11:05.123850-04:00] main.ERROR: Database erorr[Connection]: Cannot add or update a child row: a foreign key constraint fails (`carrental`.`usersessions`, CONSTRAINT `fk_users_userSessions` FOREIGN KEY (`userId`) REFERENCES `users` (`id`) ON DELETE CASCADE ON UPDATE CASCADE) [] []
[2020-05-10T00:11:05.125650-04:00] main.ERROR: Database error[Query]: REPLACE INTO `userSessions` (`sessionId`,`updated_at`) VALUES ('mn2jgot3qq0uo319h9qfqs37v5', '2020-05-10 00:11:05') [] []
[2020-05-10T16:35:44.872585+02:00] main.ERROR: Database erorr[Connection]: Table 'carrental.usersessions' doesn't exist [] []
[2020-05-10T16:35:44.885272+02:00] main.ERROR: Database error[Query]: SELECT u.id AS 'id', u.firstname AS 'name'             FROM users AS u             JOIN userSessions AS s             ON s.userId = u.id             WHERE s.updated_at > '2020-05-10 16:33:44'             AND s.sessionId = 'su9gjiekcpibko0mdnkvg843nj' [] []
[2020-05-10T16:35:46.594763+02:00] main.ERROR: Database erorr[Connection]: Table 'carrental.usersessions' doesn't exist [] []
[2020-05-10T16:35:46.598934+02:00] main.ERROR: Database error[Query]: SELECT u.id AS 'id', u.firstname AS 'name'             FROM users AS u             JOIN userSessions AS s             ON s.userId = u.id             WHERE s.updated_at > '2020-05-10 16:33:46'             AND s.sessionId = 'su9gjiekcpibko0mdnkvg843nj' [] []
[2020-05-10T16:35:49.144621+02:00] main.ERROR: Database erorr[Connection]: Table 'carrental.usersessions' doesn't exist [] []
[2020-05-10T16:35:49.148323+02:00] main.ERROR: Database error[Query]: SELECT u.id AS 'id', u.firstname AS 'name'             FROM users AS u             JOIN userSessions AS s             ON s.userId = u.id             WHERE s.updated_at > '2020-05-10 16:33:49'             AND s.sessionId = 'su9gjiekcpibko0mdnkvg843nj' [] []
[2020-05-10T16:35:50.827568+02:00] main.ERROR: Database erorr[Connection]: Table 'carrental.usersessions' doesn't exist [] []
[2020-05-10T16:35:50.835533+02:00] main.ERROR: Database error[Query]: SELECT u.id AS 'id', u.firstname AS 'name'             FROM users AS u             JOIN userSessions AS s             ON s.userId = u.id             WHERE s.updated_at > '2020-05-10 16:33:50'             AND s.sessionId = 'su9gjiekcpibko0mdnkvg843nj' [] []
[2020-05-10T16:35:56.311224+02:00] main.ERROR: Database erorr[Connection]: Table 'carrental.usersessions' doesn't exist [] []
[2020-05-10T16:35:56.314969+02:00] main.ERROR: Database error[Query]: SELECT u.id AS 'id', u.firstname AS 'name'             FROM users AS u             JOIN userSessions AS s             ON s.userId = u.id             WHERE s.updated_at > '2020-05-10 16:33:56'             AND s.sessionId = 'su9gjiekcpibko0mdnkvg843nj' [] []
[2020-05-10T16:35:58.829387+02:00] main.ERROR: Database erorr[Connection]: Table 'carrental.usersessions' doesn't exist [] []
[2020-05-10T16:35:58.833259+02:00] main.ERROR: Database error[Query]: SELECT u.id AS 'id', u.firstname AS 'name'             FROM users AS u             JOIN userSessions AS s             ON s.userId = u.id             WHERE s.updated_at > '2020-05-10 16:33:58'             AND s.sessionId = 'su9gjiekcpibko0mdnkvg843nj' [] []
[2020-05-10T16:35:59.622557+02:00] main.ERROR: Database erorr[Connection]: Table 'carrental.usersessions' doesn't exist [] []
[2020-05-10T16:35:59.626321+02:00] main.ERROR: Database error[Query]: SELECT u.id AS 'id', u.firstname AS 'name'             FROM users AS u             JOIN userSessions AS s             ON s.userId = u.id             WHERE s.updated_at > '2020-05-10 16:33:59'             AND s.sessionId = 'su9gjiekcpibko0mdnkvg843nj' [] []
[2020-05-10T16:36:00.171352+02:00] main.ERROR: Database erorr[Connection]: Table 'carrental.usersessions' doesn't exist [] []
[2020-05-10T16:36:00.174960+02:00] main.ERROR: Database error[Query]: SELECT u.id AS 'id', u.firstname AS 'name'             FROM users AS u             JOIN userSessions AS s             ON s.userId = u.id             WHERE s.updated_at > '2020-05-10 16:34:00'             AND s.sessionId = 'su9gjiekcpibko0mdnkvg843nj' [] []
[2020-05-10T16:36:00.803327+02:00] main.ERROR: Database erorr[Connection]: Table 'carrental.usersessions' doesn't exist [] []
[2020-05-10T16:36:00.807542+02:00] main.ERROR: Database error[Query]: SELECT u.id AS 'id', u.firstname AS 'name'             FROM users AS u             JOIN userSessions AS s             ON s.userId = u.id             WHERE s.updated_at > '2020-05-10 16:34:00'             AND s.sessionId = 'su9gjiekcpibko0mdnkvg843nj' [] []
[2020-05-10T16:36:09.474772+02:00] main.ERROR: Database erorr[Connection]: Table 'carrental.usersessions' doesn't exist [] []
[2020-05-10T16:36:09.478814+02:00] main.ERROR: Database error[Query]: SELECT u.id AS 'id', u.firstname AS 'name'             FROM users AS u             JOIN userSessions AS s             ON s.userId = u.id             WHERE s.updated_at > '2020-05-10 16:34:09'             AND s.sessionId = 'su9gjiekcpibko0mdnkvg843nj' [] []
[2020-05-10T16:36:25.457678+02:00] main.ERROR: Database erorr[Connection]: Table 'carrental.usersessions' doesn't exist [] []
[2020-05-10T16:36:25.461728+02:00] main.ERROR: Database error[Query]: SELECT u.id AS 'id', u.firstname AS 'name'             FROM users AS u             JOIN userSessions AS s             ON s.userId = u.id             WHERE s.updated_at > '2020-05-10 16:34:25'             AND s.sessionId = 'su9gjiekcpibko0mdnkvg843nj' [] []
[2020-05-10T16:36:32.221737+02:00] main.ERROR: Database erorr[Connection]: Table 'carrental.usersessions' doesn't exist [] []
[2020-05-10T16:36:32.225478+02:00] main.ERROR: Database error[Query]: SELECT u.id AS 'id', u.firstname AS 'name'             FROM users AS u             JOIN userSessions AS s             ON s.userId = u.id             WHERE s.updated_at > '2020-05-10 16:34:32'             AND s.sessionId = 'su9gjiekcpibko0mdnkvg843nj' [] []
[2020-05-10T16:36:46.936064+02:00] main.ERROR: Database erorr[Connection]: Table 'carrental.usersessions' doesn't exist [] []
[2020-05-10T16:36:46.939944+02:00] main.ERROR: Database error[Query]: SELECT u.id AS 'id', u.firstname AS 'name'             FROM users AS u             JOIN userSessions AS s             ON s.userId = u.id             WHERE s.updated_at > '2020-05-10 16:34:46'             AND s.sessionId = 'su9gjiekcpibko0mdnkvg843nj' [] []
[2020-05-10T16:37:00.555635+02:00] main.ERROR: Database erorr[Connection]: Table 'carrental.usersessions' doesn't exist [] []
[2020-05-10T16:37:00.559695+02:00] main.ERROR: Database error[Query]: SELECT u.id AS 'id', u.firstname AS 'name'             FROM users AS u             JOIN userSessions AS s             ON s.userId = u.id             WHERE s.updated_at > '2020-05-10 16:35:00'             AND s.sessionId = 'su9gjiekcpibko0mdnkvg843nj' [] []
[2020-05-10T16:37:27.860908+02:00] main.ERROR: Database erorr[Connection]: Table 'carrental.usersessions' doesn't exist [] []
[2020-05-10T16:37:27.865019+02:00] main.ERROR: Database error[Query]: SELECT u.id AS 'id', u.firstname AS 'name'             FROM users AS u             JOIN userSessions AS s             ON s.userId = u.id             WHERE s.updated_at > '2020-05-10 16:35:27'             AND s.sessionId = 'su9gjiekcpibko0mdnkvg843nj' [] []
[2020-05-10T16:37:40.004855+02:00] main.ERROR: Database erorr[Connection]: Table 'carrental.usersessions' doesn't exist [] []
[2020-05-10T16:37:40.009256+02:00] main.ERROR: Database error[Query]: SELECT u.id AS 'id', u.firstname AS 'name'             FROM users AS u             JOIN userSessions AS s             ON s.userId = u.id             WHERE s.updated_at > '2020-05-10 16:35:39'             AND s.sessionId = 'su9gjiekcpibko0mdnkvg843nj' [] []
[2020-05-10T16:37:52.415018+02:00] main.ERROR: Database erorr[Connection]: Table 'carrental.usersessions' doesn't exist [] []
[2020-05-10T16:37:52.420223+02:00] main.ERROR: Database error[Query]: SELECT u.id AS 'id', u.firstname AS 'name'             FROM users AS u             JOIN userSessions AS s             ON s.userId = u.id             WHERE s.updated_at > '2020-05-10 16:35:52'             AND s.sessionId = 'su9gjiekcpibko0mdnkvg843nj' [] []
[2020-05-10T16:38:07.224718+02:00] main.ERROR: Database erorr[Connection]: Table 'carrental.usersessions' doesn't exist [] []
[2020-05-10T16:38:07.228525+02:00] main.ERROR: Database error[Query]: SELECT u.id AS 'id', u.firstname AS 'name'             FROM users AS u             JOIN userSessions AS s             ON s.userId = u.id             WHERE s.updated_at > '2020-05-10 16:36:07'             AND s.sessionId = 'su9gjiekcpibko0mdnkvg843nj' [] []
[2020-05-10T16:38:10.124745+02:00] main.ERROR: Database erorr[Connection]: Table 'carrental.usersessions' doesn't exist [] []
[2020-05-10T16:38:10.128931+02:00] main.ERROR: Database error[Query]: SELECT u.id AS 'id', u.firstname AS 'name'             FROM users AS u             JOIN userSessions AS s             ON s.userId = u.id             WHERE s.updated_at > '2020-05-10 16:36:10'             AND s.sessionId = 'su9gjiekcpibko0mdnkvg843nj' [] []
[2020-05-10T16:38:20.726795+02:00] main.ERROR: Database erorr[Connection]: Table 'carrental.usersessions' doesn't exist [] []
[2020-05-10T16:38:20.731107+02:00] main.ERROR: Database error[Query]: SELECT u.id AS 'id', u.firstname AS 'name'             FROM users AS u             JOIN userSessions AS s             ON s.userId = u.id             WHERE s.updated_at > '2020-05-10 16:36:20'             AND s.sessionId = 'su9gjiekcpibko0mdnkvg843nj' [] []
[2020-05-10T16:38:30.490763+02:00] main.ERROR: Database erorr[Connection]: Table 'carrental.usersessions' doesn't exist [] []
[2020-05-10T16:38:30.494526+02:00] main.ERROR: Database error[Query]: SELECT u.id AS 'id', u.firstname AS 'name'             FROM users AS u             JOIN userSessions AS s             ON s.userId = u.id             WHERE s.updated_at > '2020-05-10 16:36:30'             AND s.sessionId = 'su9gjiekcpibko0mdnkvg843nj' [] []
[2020-05-10T16:38:43.015547+02:00] main.ERROR: Database erorr[Connection]: Table 'carrental.usersessions' doesn't exist [] []
[2020-05-10T16:38:43.020704+02:00] main.ERROR: Database error[Query]: SELECT u.id AS 'id', u.firstname AS 'name'             FROM users AS u             JOIN userSessions AS s             ON s.userId = u.id             WHERE s.updated_at > '2020-05-10 16:36:43'             AND s.sessionId = 'su9gjiekcpibko0mdnkvg843nj' [] []
[2020-05-10T16:38:46.141102+02:00] main.ERROR: Database erorr[Connection]: Table 'carrental.usersessions' doesn't exist [] []
[2020-05-10T16:38:46.145457+02:00] main.ERROR: Database error[Query]: SELECT u.id AS 'id', u.firstname AS 'name'             FROM users AS u             JOIN userSessions AS s             ON s.userId = u.id             WHERE s.updated_at > '2020-05-10 16:36:46'             AND s.sessionId = 'su9gjiekcpibko0mdnkvg843nj' [] []
[2020-05-10T16:38:49.707995+02:00] main.ERROR: Database erorr[Connection]: Table 'carrental.usersessions' doesn't exist [] []
[2020-05-10T16:38:49.712166+02:00] main.ERROR: Database error[Query]: SELECT u.id AS 'id', u.firstname AS 'name'             FROM users AS u             JOIN userSessions AS s             ON s.userId = u.id             WHERE s.updated_at > '2020-05-10 16:36:49'             AND s.sessionId = 'su9gjiekcpibko0mdnkvg843nj' [] []
[2020-05-10T16:38:55.998206+02:00] main.ERROR: Database erorr[Connection]: Table 'carrental.usersessions' doesn't exist [] []
[2020-05-10T16:38:56.002161+02:00] main.ERROR: Database error[Query]: SELECT u.id AS 'id', u.firstname AS 'name'             FROM users AS u             JOIN userSessions AS s             ON s.userId = u.id             WHERE s.updated_at > '2020-05-10 16:36:55'             AND s.sessionId = 'su9gjiekcpibko0mdnkvg843nj' [] []
[2020-05-10T16:39:12.851002+02:00] main.ERROR: Database erorr[Connection]: Table 'carrental.usersessions' doesn't exist [] []
[2020-05-10T16:39:12.888212+02:00] main.ERROR: Database error[Query]: SELECT u.id AS 'id', u.firstname AS 'name'             FROM users AS u             JOIN userSessions AS s             ON s.userId = u.id             WHERE s.updated_at > '2020-05-10 16:37:12'             AND s.sessionId = 'su9gjiekcpibko0mdnkvg843nj' [] []
[2020-05-10T16:39:16.851992+02:00] main.ERROR: Database erorr[Connection]: Table 'carrental.usersessions' doesn't exist [] []
[2020-05-10T16:39:16.855860+02:00] main.ERROR: Database error[Query]: SELECT u.id AS 'id', u.firstname AS 'name'             FROM users AS u             JOIN userSessions AS s             ON s.userId = u.id             WHERE s.updated_at > '2020-05-10 16:37:16'             AND s.sessionId = 'su9gjiekcpibko0mdnkvg843nj' [] []
[2020-05-10T16:41:35.397677+02:00] main.ERROR: Database erorr[Connection]: Table 'carrental.usersessions' doesn't exist [] []
[2020-05-10T16:41:35.401822+02:00] main.ERROR: Database error[Query]: SELECT u.id AS 'id', u.firstname AS 'name'             FROM users AS u             JOIN userSessions AS s             ON s.userId = u.id             WHERE s.updated_at > '2020-05-10 16:39:35'             AND s.sessionId = 'su9gjiekcpibko0mdnkvg843nj' [] []
[2020-05-10T16:41:36.101199+02:00] main.ERROR: Database erorr[Connection]: Table 'carrental.usersessions' doesn't exist [] []
[2020-05-10T16:41:36.105219+02:00] main.ERROR: Database error[Query]: SELECT u.id AS 'id', u.firstname AS 'name'             FROM users AS u             JOIN userSessions AS s             ON s.userId = u.id             WHERE s.updated_at > '2020-05-10 16:39:36'             AND s.sessionId = 'su9gjiekcpibko0mdnkvg843nj' [] []
[2020-05-10T16:43:56.074725+02:00] main.ERROR: Database erorr[Connection]: Table 'carrental.usersessions' doesn't exist [] []
[2020-05-10T16:43:56.084897+02:00] main.ERROR: Database error[Query]: SELECT u.id AS 'id', u.firstname AS 'name'             FROM users AS u             JOIN userSessions AS s             ON s.userId = u.id             WHERE s.updated_at > '2020-05-10 16:41:55'             AND s.sessionId = 'su9gjiekcpibko0mdnkvg843nj' [] []
[2020-05-10T16:43:58.847298+02:00] main.ERROR: Database erorr[Connection]: Table 'carrental.usersessions' doesn't exist [] []
[2020-05-10T16:43:58.852288+02:00] main.ERROR: Database error[Query]: SELECT u.id AS 'id', u.firstname AS 'name'             FROM users AS u             JOIN userSessions AS s             ON s.userId = u.id             WHERE s.updated_at > '2020-05-10 16:41:58'             AND s.sessionId = 'su9gjiekcpibko0mdnkvg843nj' [] []
[2020-05-10T16:44:51.030617+02:00] main.ERROR: Database erorr[Connection]: Table 'carrental.usersessions' doesn't exist [] []
[2020-05-10T16:44:51.034652+02:00] main.ERROR: Database error[Query]: SELECT u.id AS 'id', u.firstname AS 'name'             FROM users AS u             JOIN userSessions AS s             ON s.userId = u.id             WHERE s.updated_at > '2020-05-10 16:42:51'             AND s.sessionId = 'su9gjiekcpibko0mdnkvg843nj' [] []
[2020-05-10T16:45:34.504194+02:00] main.ERROR: Database erorr[Connection]: Table 'carrental.usersessions' doesn't exist [] []
[2020-05-10T16:45:34.508431+02:00] main.ERROR: Database error[Query]: SELECT u.id AS 'id', u.firstname AS 'name'             FROM users AS u             JOIN userSessions AS s             ON s.userId = u.id             WHERE s.updated_at > '2020-05-10 16:43:34'             AND s.sessionId = 'su9gjiekcpibko0mdnkvg843nj' [] []
[2020-05-10T16:45:57.508480+02:00] main.ERROR: Database erorr[Connection]: Table 'carrental.usersessions' doesn't exist [] []
[2020-05-10T16:45:57.512394+02:00] main.ERROR: Database error[Query]: SELECT u.id AS 'id', u.firstname AS 'name'             FROM users AS u             JOIN userSessions AS s             ON s.userId = u.id             WHERE s.updated_at > '2020-05-10 16:43:57'             AND s.sessionId = 'su9gjiekcpibko0mdnkvg843nj' [] []
[2020-05-10T16:46:02.199244+02:00] main.ERROR: Database erorr[Connection]: Table 'carrental.usersessions' doesn't exist [] []
[2020-05-10T16:46:02.203771+02:00] main.ERROR: Database error[Query]: SELECT u.id AS 'id', u.firstname AS 'name'             FROM users AS u             JOIN userSessions AS s             ON s.userId = u.id             WHERE s.updated_at > '2020-05-10 16:44:02'             AND s.sessionId = 'su9gjiekcpibko0mdnkvg843nj' [] []
[2020-05-10T16:46:31.705445+02:00] main.ERROR: Database erorr[Connection]: Table 'carrental.usersessions' doesn't exist [] []
[2020-05-10T16:46:31.722282+02:00] main.ERROR: Database error[Query]: SELECT u.id AS 'id', u.firstname AS 'name'             FROM users AS u             JOIN userSessions AS s             ON s.userId = u.id             WHERE s.updated_at > '2020-05-10 16:44:31'             AND s.sessionId = 'su9gjiekcpibko0mdnkvg843nj' [] []
[2020-05-10T16:46:41.179086+02:00] main.ERROR: Database erorr[Connection]: Table 'carrental.usersessions' doesn't exist [] []
[2020-05-10T16:46:41.184095+02:00] main.ERROR: Database error[Query]: SELECT u.id AS 'id', u.firstname AS 'name'             FROM users AS u             JOIN userSessions AS s             ON s.userId = u.id             WHERE s.updated_at > '2020-05-10 16:44:41'             AND s.sessionId = 'su9gjiekcpibko0mdnkvg843nj' [] []
[2020-05-10T16:46:48.774048+02:00] main.ERROR: Database erorr[Connection]: Table 'carrental.usersessions' doesn't exist [] []
[2020-05-10T16:46:48.777755+02:00] main.ERROR: Database error[Query]: SELECT u.id AS 'id', u.firstname AS 'name'             FROM users AS u             JOIN userSessions AS s             ON s.userId = u.id             WHERE s.updated_at > '2020-05-10 16:44:48'             AND s.sessionId = '8bn6c87j9dbmp1urgcab2hearj' [] []
[2020-05-10T16:47:07.401118+02:00] main.ERROR: Database erorr[Connection]: Table 'carrental.usersessions' doesn't exist [] []
[2020-05-10T16:47:07.404819+02:00] main.ERROR: Database error[Query]: SELECT u.id AS 'id', u.firstname AS 'name'             FROM users AS u             JOIN userSessions AS s             ON s.userId = u.id             WHERE s.updated_at > '2020-05-10 16:45:07'             AND s.sessionId = '8bn6c87j9dbmp1urgcab2hearj' [] []
[2020-05-10T16:47:54.303029+02:00] main.ERROR: Database erorr[Connection]: Table 'carrental.usersessions' doesn't exist [] []
[2020-05-10T16:47:54.308568+02:00] main.ERROR: Database error[Query]: SELECT u.id AS 'id', u.firstname AS 'name'             FROM users AS u             JOIN userSessions AS s             ON s.userId = u.id             WHERE s.updated_at > '2020-05-10 16:45:54'             AND s.sessionId = 'su9gjiekcpibko0mdnkvg843nj' [] []
[2020-05-10T16:47:56.196549+02:00] main.ERROR: Database erorr[Connection]: Table 'carrental.usersessions' doesn't exist [] []
[2020-05-10T16:47:56.200888+02:00] main.ERROR: Database error[Query]: SELECT u.id AS 'id', u.firstname AS 'name'             FROM users AS u             JOIN userSessions AS s             ON s.userId = u.id             WHERE s.updated_at > '2020-05-10 16:45:56'             AND s.sessionId = 'su9gjiekcpibko0mdnkvg843nj' [] []
[2020-05-10T16:48:26.871469+02:00] main.ERROR: Database erorr[Connection]: Table 'carrental.usersessions' doesn't exist [] []
[2020-05-10T16:48:26.875266+02:00] main.ERROR: Database error[Query]: SELECT u.id AS 'id', u.firstname AS 'name'             FROM users AS u             JOIN userSessions AS s             ON s.userId = u.id             WHERE s.updated_at > '2020-05-10 16:46:26'             AND s.sessionId = 'su9gjiekcpibko0mdnkvg843nj' [] []
[2020-05-10T16:48:27.705112+02:00] main.ERROR: Database erorr[Connection]: Table 'carrental.usersessions' doesn't exist [] []
[2020-05-10T16:48:27.709133+02:00] main.ERROR: Database error[Query]: SELECT u.id AS 'id', u.firstname AS 'name'             FROM users AS u             JOIN userSessions AS s             ON s.userId = u.id             WHERE s.updated_at > '2020-05-10 16:46:27'             AND s.sessionId = 'su9gjiekcpibko0mdnkvg843nj' [] []
[2020-05-10T16:48:28.320882+02:00] main.ERROR: Database erorr[Connection]: Table 'carrental.usersessions' doesn't exist [] []
[2020-05-10T16:48:28.328712+02:00] main.ERROR: Database error[Query]: SELECT u.id AS 'id', u.firstname AS 'name'             FROM users AS u             JOIN userSessions AS s             ON s.userId = u.id             WHERE s.updated_at > '2020-05-10 16:46:28'             AND s.sessionId = 'su9gjiekcpibko0mdnkvg843nj' [] []
[2020-05-10T16:48:28.691682+02:00] main.ERROR: Database erorr[Connection]: Table 'carrental.usersessions' doesn't exist [] []
[2020-05-10T16:48:28.695195+02:00] main.ERROR: Database error[Query]: SELECT u.id AS 'id', u.firstname AS 'name'             FROM users AS u             JOIN userSessions AS s             ON s.userId = u.id             WHERE s.updated_at > '2020-05-10 16:46:28'             AND s.sessionId = 'su9gjiekcpibko0mdnkvg843nj' [] []
[2020-05-10T16:49:46.747345+02:00] main.ERROR: Database erorr[Connection]: Table 'carrental.usersessions' doesn't exist [] []
[2020-05-10T16:49:46.751880+02:00] main.ERROR: Database error[Query]: SELECT u.id AS 'id', u.firstname AS 'name'             FROM users AS u             JOIN userSessions AS s             ON s.userId = u.id             WHERE s.updated_at > '2020-05-10 16:47:46'             AND s.sessionId = 'su9gjiekcpibko0mdnkvg843nj' [] []
[2020-05-10T16:49:55.423769+02:00] main.ERROR: Database erorr[Connection]: Table 'carrental.usersessions' doesn't exist [] []
[2020-05-10T16:49:55.428331+02:00] main.ERROR: Database error[Query]: SELECT u.id AS 'id', u.firstname AS 'name'             FROM users AS u             JOIN userSessions AS s             ON s.userId = u.id             WHERE s.updated_at > '2020-05-10 16:47:55'             AND s.sessionId = 'su9gjiekcpibko0mdnkvg843nj' [] []
[2020-05-10T16:50:13.927049+02:00] main.ERROR: Database erorr[Connection]: Table 'carrental.usersessions' doesn't exist [] []
[2020-05-10T16:50:13.932391+02:00] main.ERROR: Database error[Query]: SELECT u.id AS 'id', u.firstname AS 'name'             FROM users AS u             JOIN userSessions AS s             ON s.userId = u.id             WHERE s.updated_at > '2020-05-10 16:48:13'             AND s.sessionId = 'su9gjiekcpibko0mdnkvg843nj' [] []
[2020-05-10T16:50:27.266886+02:00] main.ERROR: Database erorr[Connection]: Table 'carrental.usersessions' doesn't exist [] []
[2020-05-10T16:50:27.271143+02:00] main.ERROR: Database error[Query]: SELECT u.id AS 'id', u.firstname AS 'name'             FROM users AS u             JOIN userSessions AS s             ON s.userId = u.id             WHERE s.updated_at > '2020-05-10 16:48:27'             AND s.sessionId = 'su9gjiekcpibko0mdnkvg843nj' [] []
[2020-05-10T16:50:27.568413+02:00] main.ERROR: Database erorr[Connection]: Table 'carrental.usersessions' doesn't exist [] []
[2020-05-10T16:50:27.572655+02:00] main.ERROR: Database error[Query]: SELECT u.id AS 'id', u.firstname AS 'name'             FROM users AS u             JOIN userSessions AS s             ON s.userId = u.id             WHERE s.updated_at > '2020-05-10 16:48:27'             AND s.sessionId = 'su9gjiekcpibko0mdnkvg843nj' [] []
[2020-05-10T17:16:47.709497+02:00] main.ERROR: Database erorr[Connection]: Table 'carrental.usersessions' doesn't exist [] []
[2020-05-10T17:16:47.714197+02:00] main.ERROR: Database error[Query]: SELECT u.id AS 'id', u.firstname AS 'name'             FROM users AS u             JOIN userSessions AS s             ON s.userId = u.id             WHERE s.updated_at > '2020-05-10 17:14:47'             AND s.sessionId = 'su9gjiekcpibko0mdnkvg843nj' [] []
[2020-05-10T17:16:48.320994+02:00] main.ERROR: Database erorr[Connection]: Table 'carrental.usersessions' doesn't exist [] []
[2020-05-10T17:16:48.325607+02:00] main.ERROR: Database error[Query]: SELECT u.id AS 'id', u.firstname AS 'name'             FROM users AS u             JOIN userSessions AS s             ON s.userId = u.id             WHERE s.updated_at > '2020-05-10 17:14:48'             AND s.sessionId = 'su9gjiekcpibko0mdnkvg843nj' [] []
[2020-05-10T17:17:02.073468+02:00] main.ERROR: Database erorr[Connection]: Table 'carrental.usersessions' doesn't exist [] []
[2020-05-10T17:17:02.079898+02:00] main.ERROR: Database error[Query]: SELECT u.id AS 'id', u.firstname AS 'name'             FROM users AS u             JOIN userSessions AS s             ON s.userId = u.id             WHERE s.updated_at > '2020-05-10 17:15:02'             AND s.sessionId = 'su9gjiekcpibko0mdnkvg843nj' [] []
[2020-05-10T17:17:04.325132+02:00] main.ERROR: Database erorr[Connection]: Table 'carrental.usersessions' doesn't exist [] []
[2020-05-10T17:17:04.329387+02:00] main.ERROR: Database error[Query]: SELECT u.id AS 'id', u.firstname AS 'name'             FROM users AS u             JOIN userSessions AS s             ON s.userId = u.id             WHERE s.updated_at > '2020-05-10 17:15:04'             AND s.sessionId = 'su9gjiekcpibko0mdnkvg843nj' [] []
[2020-05-10T17:17:13.640756+02:00] main.ERROR: Database erorr[Connection]: Table 'carrental.usersessions' doesn't exist [] []
[2020-05-10T17:17:13.645127+02:00] main.ERROR: Database error[Query]: SELECT u.id AS 'id', u.firstname AS 'name'             FROM users AS u             JOIN userSessions AS s             ON s.userId = u.id             WHERE s.updated_at > '2020-05-10 17:15:13'             AND s.sessionId = 'su9gjiekcpibko0mdnkvg843nj' [] []
