[2020-05-06T02:25:36.381079+02:00] main.ERROR: Database erorr[Connection]: Badly formatted SQL query: Expected array, got scalar instead! [] []
[2020-05-06T02:28:12.824155+02:00] main.ERROR: Database erorr[Connection]: Badly formatted SQL query: Expected array, got scalar instead! [] []
[2020-05-06T02:33:28.442954+02:00] main.ERROR: Database erorr[Connection]: Badly formatted SQL query: Expected array, got scalar instead! [] []
[2020-05-06T02:34:43.159720+02:00] main.ERROR: Database erorr[Connection]: Unknown column 'password' in 'field list' [] []
[2020-05-06T02:34:43.163299+02:00] main.ERROR: Database error[Query]: INSERT INTO `users` (`email`,`password`) VALUES ('johndoe@example.com', 'q1w2E#') [] []
[2020-05-06T02:37:28.528290+02:00] main.ERROR: Database erorr[Connection]: Unknown column 'password' in 'field list' [] []
[2020-05-06T02:37:28.537002+02:00] main.ERROR: Database error[Query]: INSERT INTO `users` (`email`,`password`) VALUES ('johndoe@example.com', 'q1w2E#') [] []
[2020-05-06T02:41:55.000550+02:00] main.ERROR: Database erorr[Connection]: Unknown column 'password' in 'field list' [] []
[2020-05-06T02:41:55.003227+02:00] main.ERROR: Database error[Query]: INSERT INTO `users` (`firstname`,`lastname`,`drivinglicense`,`address`,`phone`,`role`,`email`,`password`) VALUES ('john', 'doe', '123456789', '123, rue johnabbott', '123-456-789', 'user', 'johndoe@example.com', 'q1w2E#') [] []
[2020-05-06T04:21:47.015609+02:00] main.ERROR: Database erorr[Connection]: Unknown column 'confirm' in 'field list' [] []
[2020-05-06T04:21:47.021369+02:00] main.ERROR: Database error[Query]: INSERT INTO `users` (`email`,`password`,`confirm`) VALUES ('', '', '') [] []
[2020-05-06T04:22:24.209084+02:00] main.ERROR: Database erorr[Connection]: Unknown column 'confirm' in 'field list' [] []
[2020-05-06T04:22:24.216850+02:00] main.ERROR: Database error[Query]: INSERT INTO `users` (`email`,`password`,`confirm`) VALUES ('', '', '') [] []
[2020-05-07T19:09:37.986429+02:00] main.ERROR: Database erorr[Connection]: Unknown column 'confirm' in 'field list' [] []
[2020-05-07T19:09:37.992362+02:00] main.ERROR: Database error[Query]: INSERT INTO `users` (`email`,`password`,`confirm`,`firstname`,`lastname`,`drivinglicense`,`address`,`phone`,`idPhoto`) VALUES ('asdf', 'asdf', 'asdf', 'asdf', 'asdf', 'asdf', 'asdf', 'sdf', '') [] []
[2020-05-08T23:54:12.910710+02:00] main.ERROR: Database erorr[Connection]: Unable to connect to MySQL server! Error: Access denied for user 'carrental'@'localhost' (using password: YES) [] []
[2020-05-08T23:54:25.934993+02:00] main.ERROR: Database erorr[Connection]: Unable to connect to MySQL server! Error: Access denied for user 'carrental'@'localhost' (using password: YES) [] []
[2020-05-09T03:29:05.847496+02:00] main.ERROR: Database erorr[Connection]: Unable to connect to MySQL server! Error: Access denied for user 'carrental'@'localhost' (using password: YES) [] []
[2020-05-09T03:30:33.185788+02:00] main.ERROR: Database erorr[Connection]: You have an error in your SQL syntax; check the manual that corresponds to your MariaDB server version for the right syntax to use near 'AA'\%' at line 1 [] []
[2020-05-09T03:30:33.193822+02:00] main.ERROR: Database error[Query]: SELECT * FROM cities WHERE postalCode like '\%'AA'\% [] []
[2020-05-09T03:30:33.331760+02:00] main.ERROR: Database erorr[Connection]: You have an error in your SQL syntax; check the manual that corresponds to your MariaDB server version for the right syntax to use near 'A'\%' at line 1 [] []
[2020-05-09T03:30:33.343398+02:00] main.ERROR: Database error[Query]: SELECT * FROM cities WHERE postalCode like '\%'A'\% [] []
[2020-05-09T03:30:50.894827+02:00] main.ERROR: Database erorr[Connection]: You have an error in your SQL syntax; check the manual that corresponds to your MariaDB server version for the right syntax to use near 'AA'\%' at line 1 [] []
[2020-05-09T03:30:50.898723+02:00] main.ERROR: Database error[Query]: SELECT * FROM cities WHERE postalCode like '\%'AA'\% [] []
[2020-05-09T03:31:01.968545+02:00] main.ERROR: Database erorr[Connection]: You have an error in your SQL syntax; check the manual that corresponds to your MariaDB server version for the right syntax to use near 'AA'\%' at line 1 [] []
[2020-05-09T03:31:01.976596+02:00] main.ERROR: Database error[Query]: SELECT * FROM cities WHERE postalCode like '\%'AA'\% [] []
[2020-05-09T03:31:19.409212+02:00] main.ERROR: Database erorr[Connection]: You have an error in your SQL syntax; check the manual that corresponds to your MariaDB server version for the right syntax to use near 'A'\%' at line 1 [] []
[2020-05-09T03:31:19.417933+02:00] main.ERROR: Database error[Query]: SELECT * FROM cities WHERE postalCode like '\%'A'\% [] []
[2020-05-09T03:31:19.716130+02:00] main.ERROR: Database erorr[Connection]: You have an error in your SQL syntax; check the manual that corresponds to your MariaDB server version for the right syntax to use near 'A'\%' at line 1 [] []
[2020-05-09T03:31:19.719599+02:00] main.ERROR: Database error[Query]: SELECT * FROM cities WHERE postalCode like '\%'A'\% [] []
[2020-05-09T03:32:02.601850+02:00] main.ERROR: Database erorr[Connection]: You have an error in your SQL syntax; check the manual that corresponds to your MariaDB server version for the right syntax to use near 'AA'\%' at line 1 [] []
[2020-05-09T03:32:02.606861+02:00] main.ERROR: Database error[Query]: SELECT * FROM cities WHERE postalCode like '\%'AA'\% [] []
[2020-05-09T03:33:59.039320+02:00] main.ERROR: Database erorr[Connection]: Unknown column 'T' in 'where clause' [] []
[2020-05-09T03:33:59.051606+02:00] main.ERROR: Database error[Query]: SELECT * FROM cities WHERE postalCode like T [] []
[2020-05-09T03:34:35.877088+02:00] main.ERROR: Database erorr[Connection]: Unknown column 'T' in 'where clause' [] []
[2020-05-09T03:34:35.888094+02:00] main.ERROR: Database error[Query]: SELECT * FROM cities WHERE postalCode like T [] []
[2020-05-09T03:38:43.734854+02:00] main.ERROR: Database erorr[Connection]: Unknown column 'AA' in 'where clause' [] []
[2020-05-09T03:38:43.745090+02:00] main.ERROR: Database error[Query]: SELECT * FROM cities WHERE postalCode like ''%AA%'A%' [] []
[2020-05-09T03:40:55.814363+02:00] main.ERROR: Database erorr[Connection]: You have an error in your SQL syntax; check the manual that corresponds to your MariaDB server version for the right syntax to use near 'AA%' at line 1 [] []
[2020-05-09T03:40:55.821680+02:00] main.ERROR: Database error[Query]: SELECT * FROM cities WHERE postalCode like '%s'AA% [] []
[2020-05-09T03:40:58.899277+02:00] main.ERROR: Database erorr[Connection]: You have an error in your SQL syntax; check the manual that corresponds to your MariaDB server version for the right syntax to use near 'AA%' at line 1 [] []
[2020-05-09T03:40:58.906900+02:00] main.ERROR: Database error[Query]: SELECT * FROM cities WHERE postalCode like '%s'AA% [] []
[2020-05-09T03:41:13.141260+02:00] main.ERROR: Database erorr[Connection]: Unknown column 'AA' in 'where clause' [] []
[2020-05-09T03:41:13.148554+02:00] main.ERROR: Database error[Query]: SELECT * FROM cities WHERE postalCode like ''%AA%'' [] []
[2020-05-09T03:42:01.717244+02:00] main.ERROR: Database erorr[Connection]: Unknown column 'A' in 'where clause' [] []
[2020-05-09T03:42:01.726103+02:00] main.ERROR: Database error[Query]: SELECT * FROM cities WHERE postalCode like ''%A%'' [] []
